DEBUG:root: Find
DEBUG:root: Take ['peacock_feather']
DEBUG:root: northwest
DEBUG:root: east
DEBUG:root: Find
DEBUG:root: Take ['yellow_flower']
DEBUG:root: south
DEBUG:root: Find
DEBUG:root: Take ['key']
DEBUG:root: downstairs
DEBUG:root: south
DEBUG:root: Find
DEBUG:root: Take ['green_potion']
DEBUG:root: north
DEBUG:root: south
DEBUG:root: east
DEBUG:root: Find
DEBUG:root: north
DEBUG:root: south
DEBUG:root: west
DEBUG:root: Cure
DEBUG:root: south
DEBUG:root: down
DEBUG:root: north
DEBUG:root: east
DEBUG:root: Find
DEBUG:root: southwest
DEBUG:root: east
DEBUG:root: southwest
DEBUG:root: east
DEBUG:root: northwest
DEBUG:root: Find
DEBUG:root: Feed
DEBUG:root: east
DEBUG:root: west
DEBUG:root: northwest
DEBUG:root: west
DEBUG:root: Feed
DEBUG:root: south
DEBUG:root: east
DEBUG:root: south
DEBUG:root: east
DEBUG:root: south
DEBUG:root: south
DEBUG:root: southwest
DEBUG:root: Find
DEBUG:root: Take ['sausages']
DEBUG:root: east
DEBUG:root: northwest
DEBUG:root: south
DEBUG:root: east
DEBUG:root: northwest
DEBUG:root: east
DEBUG:root: west
DEBUG:root: northwest
DEBUG:root: west
DEBUG:root: Feed
DEBUG:root: Feed
DEBUG:root: east
DEBUG:root: south
DEBUG:root: south
DEBUG:root: west
DEBUG:root: south
DEBUG:root: east
DEBUG:root: east
DEBUG:root: upstairs
DEBUG:root: west
DEBUG:root: south
DEBUG:root: north
DEBUG:root: east
DEBUG:root: south
DEBUG:root: north
DEBUG:root: south
DEBUG:root: west
DEBUG:root: north
DEBUG:root: north
DEBUG:root: south
DEBUG:root: north
DEBUG:root: east
DEBUG:root: west
DEBUG:root: south
DEBUG:root: east
DEBUG:root: north
DEBUG:root: south
DEBUG:root: east
DEBUG:root: east
DEBUG:root: west
DEBUG:root: north
DEBUG:root: south
DEBUG:root: south
DEBUG:root: down
DEBUG:root: north
DEBUG:root: east
DEBUG:root: south
DEBUG:root: south
DEBUG:root: upstairs
DEBUG:root: south
DEBUG:root: north
DEBUG:root: south
DEBUG:root: north
DEBUG:root: west
DEBUG:root: Unlock
DEBUG:root: Dress
DEBUG:root: south
